# JRE version: OpenJDK Runtime Environment Temurin-21.0.8+9 (21.0.8+9) (build 21.0.8+9-LTS)
# Java VM: OpenJDK 64-Bit Server VM Temurin-21.0.8+9 (21.0.8+9-LTS, mixed mode, sharing, tiered, compressed oops, compressed class ptrs, parallel gc, windows-amd64)
GC Precious Log:
 CardTable entry size: 512
 CPUs: 12 total, 12 available
 Memory: 16272M
 Large Page Support: Disabled
 NUMA Support: Disabled
 Compressed Oops: Enabled (32-bit)
 Alignments: Space 512K, Generation 512K, Heap 2M
 Heap Min Capacity: 100M
 Heap Initial Capacity: 100M
 Heap Max Capacity: 2G
 Pre-touch: Disabled
 Parallel Workers: 10
Heap:
 PSYoungGen      total 7680K, used 1390K [0x00000000d5580000, 0x00000000d5e00000, 0x0000000100000000)
  eden space 6656K, 10% used [0x00000000d5580000,0x00000000d5633b18,0x00000000d5c00000)
  from space 1024K, 65% used [0x00000000d5c00000,0x00000000d5ca8000,0x00000000d5d00000)
  to   space 1024K, 0% used [0x00000000d5d00000,0x00000000d5d00000,0x00000000d5e00000)
 ParOldGen       total 957440K, used 957417K [0x0000000080000000, 0x00000000ba700000, 0x00000000d5580000)
  object space 957440K, 99% used [0x0000000080000000,0x00000000ba6fa710,0x00000000ba700000)
 Metaspace       used 95458K, committed 97216K, reserved 1179648K
  class space    used 9645K, committed 10496K, reserved 1048576K
GC Heap History (20 events):
Event: 8302.073 GC heap before
{Heap before GC invocations=2877 (full 10):
 PSYoungGen      total 8704K, used 8608K [0x00000000d5580000, 0x00000000d5f00000, 0x0000000100000000)
  eden space 7680K, 100% used [0x00000000d5580000,0x00000000d5d00000,0x00000000d5d00000)
  from space 1024K, 90% used [0x00000000d5d00000,0x00000000d5de8000,0x00000000d5e00000)
  to   space 1024K, 0% used [0x00000000d5e00000,0x00000000d5e00000,0x00000000d5f00000)
 ParOldGen       total 950784K, used 950532K [0x0000000080000000, 0x00000000ba080000, 0x00000000d5580000)
  object space 950784K, 99% used [0x0000000080000000,0x00000000ba041150,0x00000000ba080000)
 Metaspace       used 95448K, committed 97152K, reserved 1179648K
  class space    used 9645K, committed 10496K, reserved 1048576K
}
Event: 8302.076 GC heap after
{Heap after GC invocations=2877 (full 10):
 PSYoungGen      total 7680K, used 1012K [0x00000000d5580000, 0x00000000d6100000, 0x0000000100000000)
  eden space 6656K, 0% used [0x00000000d5580000,0x00000000d5580000,0x00000000d5c00000)
  from space 1024K, 98% used [0x00000000d5e00000,0x00000000d5efd200,0x00000000d5f00000)
  to   space 2048K, 0% used [0x00000000d5c00000,0x00000000d5c00000,0x00000000d5e00000)
 ParOldGen       total 951808K, used 951341K [0x0000000080000000, 0x00000000ba180000, 0x00000000d5580000)
  object space 951808K, 99% used [0x0000000080000000,0x00000000ba10b788,0x00000000ba180000)
 Metaspace       used 95448K, committed 97152K, reserved 1179648K
  class space    used 9645K, committed 10496K, reserved 1048576K
}
Event: 8302.085 GC heap before
{Heap before GC invocations=2878 (full 10):
 PSYoungGen      total 7680K, used 7668K [0x00000000d5580000, 0x00000000d6100000, 0x0000000100000000)
  eden space 6656K, 100% used [0x00000000d5580000,0x00000000d5c00000,0x00000000d5c00000)
  from space 1024K, 98% used [0x00000000d5e00000,0x00000000d5efd200,0x00000000d5f00000)
  to   space 2048K, 0% used [0x00000000d5c00000,0x00000000d5c00000,0x00000000d5e00000)
 ParOldGen       total 951808K, used 951341K [0x0000000080000000, 0x00000000ba180000, 0x00000000d5580000)
  object space 951808K, 99% used [0x0000000080000000,0x00000000ba10b788,0x00000000ba180000)
 Metaspace       used 95448K, committed 97152K, reserved 1179648K
  class space    used 9645K, committed 10496K, reserved 1048576K
}
Event: 8302.087 GC heap after
{Heap after GC invocations=2878 (full 10):
 PSYoungGen      total 7680K, used 672K [0x00000000d5580000, 0x00000000d5f00000, 0x0000000100000000)
  eden space 6656K, 0% used [0x00000000d5580000,0x00000000d5580000,0x00000000d5c00000)
  from space 1024K, 65% used [0x00000000d5c00000,0x00000000d5ca8020,0x00000000d5d00000)
  to   space 1536K, 0% used [0x00000000d5d80000,0x00000000d5d80000,0x00000000d5f00000)
 ParOldGen       total 952320K, used 952270K [0x0000000080000000, 0x00000000ba200000, 0x00000000d5580000)
  object space 952320K, 99% used [0x0000000080000000,0x00000000ba1f3880,0x00000000ba200000)
 Metaspace       used 95448K, committed 97152K, reserved 1179648K
  class space    used 9645K, committed 10496K, reserved 1048576K
}
Event: 8302.099 GC heap before
{Heap before GC invocations=2879 (full 10):
 PSYoungGen      total 7680K, used 7328K [0x00000000d5580000, 0x00000000d5f00000, 0x0000000100000000)
  eden space 6656K, 100% used [0x00000000d5580000,0x00000000d5c00000,0x00000000d5c00000)
  from space 1024K, 65% used [0x00000000d5c00000,0x00000000d5ca8020,0x00000000d5d00000)
  to   space 1536K, 0% used [0x00000000d5d80000,0x00000000d5d80000,0x00000000d5f00000)
 ParOldGen       total 952320K, used 952270K [0x0000000080000000, 0x00000000ba200000, 0x00000000d5580000)
  object space 952320K, 99% used [0x0000000080000000,0x00000000ba1f3880,0x00000000ba200000)
 Metaspace       used 95448K, committed 97152K, reserved 1179648K
  class space    used 9645K, committed 10496K, reserved 1048576K
}
Event: 8302.101 GC heap after
{Heap after GC invocations=2879 (full 10):
 PSYoungGen      total 7680K, used 592K [0x00000000d5580000, 0x00000000d5e80000, 0x0000000100000000)
  eden space 6656K, 0% used [0x00000000d5580000,0x00000000d5580000,0x00000000d5c00000)
  from space 1024K, 57% used [0x00000000d5d80000,0x00000000d5e14010,0x00000000d5e80000)
  to   space 1024K, 0% used [0x00000000d5c00000,0x00000000d5c00000,0x00000000d5d00000)
 ParOldGen       total 952832K, used 952790K [0x0000000080000000, 0x00000000ba280000, 0x00000000d5580000)
  object space 952832K, 99% used [0x0000000080000000,0x00000000ba2758a0,0x00000000ba280000)
 Metaspace       used 95448K, committed 97152K, reserved 1179648K
  class space    used 9645K, committed 10496K, reserved 1048576K
}
Event: 8303.002 GC heap before
{Heap before GC invocations=2880 (full 10):
 PSYoungGen      total 7680K, used 7248K [0x00000000d5580000, 0x00000000d5e80000, 0x0000000100000000)
  eden space 6656K, 100% used [0x00000000d5580000,0x00000000d5c00000,0x00000000d5c00000)
  from space 1024K, 57% used [0x00000000d5d80000,0x00000000d5e14010,0x00000000d5e80000)
  to   space 1024K, 0% used [0x00000000d5c00000,0x00000000d5c00000,0x00000000d5d00000)
 ParOldGen       total 952832K, used 952790K [0x0000000080000000, 0x00000000ba280000, 0x00000000d5580000)
  object space 952832K, 99% used [0x0000000080000000,0x00000000ba2758a0,0x00000000ba280000)
 Metaspace       used 95448K, committed 97152K, reserved 1179648K
  class space    used 9645K, committed 10496K, reserved 1048576K
}
Event: 8303.005 GC heap after
{Heap after GC invocations=2880 (full 10):
 PSYoungGen      total 7680K, used 996K [0x00000000d5580000, 0x00000000d6000000, 0x0000000100000000)
  eden space 6656K, 0% used [0x00000000d5580000,0x00000000d5580000,0x00000000d5c00000)
  from space 1024K, 97% used [0x00000000d5c00000,0x00000000d5cf9210,0x00000000d5d00000)
  to   space 2048K, 0% used [0x00000000d5e00000,0x00000000d5e00000,0x00000000d6000000)
 ParOldGen       total 953344K, used 953242K [0x0000000080000000, 0x00000000ba300000, 0x00000000d5580000)
  object space 953344K, 99% used [0x0000000080000000,0x00000000ba2e68f0,0x00000000ba300000)
 Metaspace       used 95448K, committed 97152K, reserved 1179648K
  class space    used 9645K, committed 10496K, reserved 1048576K
}
Event: 8303.027 GC heap before
{Heap before GC invocations=2881 (full 10):
 PSYoungGen      total 7680K, used 7652K [0x00000000d5580000, 0x00000000d6000000, 0x0000000100000000)
  eden space 6656K, 100% used [0x00000000d5580000,0x00000000d5c00000,0x00000000d5c00000)
  from space 1024K, 97% used [0x00000000d5c00000,0x00000000d5cf9210,0x00000000d5d00000)
  to   space 2048K, 0% used [0x00000000d5e00000,0x00000000d5e00000,0x00000000d6000000)
 ParOldGen       total 953344K, used 953242K [0x0000000080000000, 0x00000000ba300000, 0x00000000d5580000)
  object space 953344K, 99% used [0x0000000080000000,0x00000000ba2e68f0,0x00000000ba300000)
 Metaspace       used 95448K, committed 97152K, reserved 1179648K
  class space    used 9645K, committed 10496K, reserved 1048576K
}
Event: 8303.030 GC heap after
{Heap after GC invocations=2881 (full 10):
 PSYoungGen      total 7680K, used 672K [0x00000000d5580000, 0x00000000d5f00000, 0x0000000100000000)
  eden space 6656K, 0% used [0x00000000d5580000,0x00000000d5580000,0x00000000d5c00000)
  from space 1024K, 65% used [0x00000000d5e00000,0x00000000d5ea8000,0x00000000d5f00000)
  to   space 1024K, 0% used [0x00000000d5c00000,0x00000000d5c00000,0x00000000d5d00000)
 ParOldGen       total 954368K, used 954126K [0x0000000080000000, 0x00000000ba400000, 0x00000000d5580000)
  object space 954368K, 99% used [0x0000000080000000,0x00000000ba3c3af0,0x00000000ba400000)
 Metaspace       used 95448K, committed 97152K, reserved 1179648K
  class space    used 9645K, committed 10496K, reserved 1048576K
}
Event: 8303.049 GC heap before
{Heap before GC invocations=2882 (full 10):
 PSYoungGen      total 7680K, used 7328K [0x00000000d5580000, 0x00000000d5f00000, 0x0000000100000000)
  eden space 6656K, 100% used [0x00000000d5580000,0x00000000d5c00000,0x00000000d5c00000)
  from space 1024K, 65% used [0x00000000d5e00000,0x00000000d5ea8000,0x00000000d5f00000)
  to   space 1024K, 0% used [0x00000000d5c00000,0x00000000d5c00000,0x00000000d5d00000)
 ParOldGen       total 954368K, used 954126K [0x0000000080000000, 0x00000000ba400000, 0x00000000d5580000)
  object space 954368K, 99% used [0x0000000080000000,0x00000000ba3c3af0,0x00000000ba400000)
 Metaspace       used 95448K, committed 97152K, reserved 1179648K
  class space    used 9645K, committed 10496K, reserved 1048576K
}
Event: 8303.051 GC heap after
{Heap after GC invocations=2882 (full 10):
 PSYoungGen      total 7680K, used 932K [0x00000000d5580000, 0x00000000d5e80000, 0x0000000100000000)
  eden space 6656K, 0% used [0x00000000d5580000,0x00000000d5580000,0x00000000d5c00000)
  from space 1024K, 91% used [0x00000000d5c00000,0x00000000d5ce9210,0x00000000d5d00000)
  to   space 1024K, 0% used [0x00000000d5d80000,0x00000000d5d80000,0x00000000d5e80000)
 ParOldGen       total 954880K, used 954718K [0x0000000080000000, 0x00000000ba480000, 0x00000000d5580000)
  object space 954880K, 99% used [0x0000000080000000,0x00000000ba457b10,0x00000000ba480000)
 Metaspace       used 95448K, committed 97152K, reserved 1179648K
  class space    used 9645K, committed 10496K, reserved 1048576K
}
Event: 8303.470 GC heap before
{Heap before GC invocations=2883 (full 10):
 PSYoungGen      total 7680K, used 7588K [0x00000000d5580000, 0x00000000d5e80000, 0x0000000100000000)
  eden space 6656K, 100% used [0x00000000d5580000,0x00000000d5c00000,0x00000000d5c00000)
  from space 1024K, 91% used [0x00000000d5c00000,0x00000000d5ce9210,0x00000000d5d00000)
  to   space 1024K, 0% used [0x00000000d5d80000,0x00000000d5d80000,0x00000000d5e80000)
 ParOldGen       total 954880K, used 954718K [0x0000000080000000, 0x00000000ba480000, 0x00000000d5580000)
  object space 954880K, 99% used [0x0000000080000000,0x00000000ba457b10,0x00000000ba480000)
 Metaspace       used 95449K, committed 97152K, reserved 1179648K
  class space    used 9645K, committed 10496K, reserved 1048576K
}
Event: 8303.474 GC heap after
{Heap after GC invocations=2883 (full 10):
 PSYoungGen      total 7680K, used 724K [0x00000000d5580000, 0x00000000d5e80000, 0x0000000100000000)
  eden space 6656K, 0% used [0x00000000d5580000,0x00000000d5580000,0x00000000d5c00000)
  from space 1024K, 70% used [0x00000000d5d80000,0x00000000d5e35200,0x00000000d5e80000)
  to   space 1024K, 0% used [0x00000000d5c00000,0x00000000d5c00000,0x00000000d5d00000)
 ParOldGen       total 955904K, used 955487K [0x0000000080000000, 0x00000000ba580000, 0x00000000d5580000)
  object space 955904K, 99% used [0x0000000080000000,0x00000000ba517c28,0x00000000ba580000)
 Metaspace       used 95449K, committed 97152K, reserved 1179648K
  class space    used 9645K, committed 10496K, reserved 1048576K
}
Event: 8303.496 GC heap before
{Heap before GC invocations=2884 (full 10):
 PSYoungGen      total 7680K, used 7380K [0x00000000d5580000, 0x00000000d5e80000, 0x0000000100000000)
  eden space 6656K, 100% used [0x00000000d5580000,0x00000000d5c00000,0x00000000d5c00000)
  from space 1024K, 70% used [0x00000000d5d80000,0x00000000d5e35200,0x00000000d5e80000)
  to   space 1024K, 0% used [0x00000000d5c00000,0x00000000d5c00000,0x00000000d5d00000)
 ParOldGen       total 955904K, used 955487K [0x0000000080000000, 0x00000000ba580000, 0x00000000d5580000)
  object space 955904K, 99% used [0x0000000080000000,0x00000000ba517c28,0x00000000ba580000)
 Metaspace       used 95449K, committed 97152K, reserved 1179648K
  class space    used 9645K, committed 10496K, reserved 1048576K
}
Event: 8303.500 GC heap after
{Heap after GC invocations=2884 (full 10):
 PSYoungGen      total 7680K, used 848K [0x00000000d5580000, 0x00000000d5e00000, 0x0000000100000000)
  eden space 6656K, 0% used [0x00000000d5580000,0x00000000d5580000,0x00000000d5c00000)
  from space 1024K, 82% used [0x00000000d5c00000,0x00000000d5cd4010,0x00000000d5d00000)
  to   space 1024K, 0% used [0x00000000d5d00000,0x00000000d5d00000,0x00000000d5e00000)
 ParOldGen       total 956416K, used 956041K [0x0000000080000000, 0x00000000ba600000, 0x00000000d5580000)
  object space 956416K, 99% used [0x0000000080000000,0x00000000ba5a25c8,0x00000000ba600000)
 Metaspace       used 95449K, committed 97152K, reserved 1179648K
  class space    used 9645K, committed 10496K, reserved 1048576K
}
Event: 8303.520 GC heap before
{Heap before GC invocations=2885 (full 10):
 PSYoungGen      total 7680K, used 7504K [0x00000000d5580000, 0x00000000d5e00000, 0x0000000100000000)
  eden space 6656K, 100% used [0x00000000d5580000,0x00000000d5c00000,0x00000000d5c00000)
  from space 1024K, 82% used [0x00000000d5c00000,0x00000000d5cd4010,0x00000000d5d00000)
  to   space 1024K, 0% used [0x00000000d5d00000,0x00000000d5d00000,0x00000000d5e00000)
 ParOldGen       total 956416K, used 956041K [0x0000000080000000, 0x00000000ba600000, 0x00000000d5580000)
  object space 956416K, 99% used [0x0000000080000000,0x00000000ba5a25c8,0x00000000ba600000)
 Metaspace       used 95449K, committed 97152K, reserved 1179648K
  class space    used 9645K, committed 10496K, reserved 1048576K
}
Event: 8303.524 GC heap after
{Heap after GC invocations=2885 (full 10):
 PSYoungGen      total 7680K, used 762K [0x00000000d5580000, 0x00000000d5e00000, 0x0000000100000000)
  eden space 6656K, 0% used [0x00000000d5580000,0x00000000d5580000,0x00000000d5c00000)
  from space 1024K, 74% used [0x00000000d5d00000,0x00000000d5dbe900,0x00000000d5e00000)
  to   space 1024K, 0% used [0x00000000d5c00000,0x00000000d5c00000,0x00000000d5d00000)
 ParOldGen       total 956928K, used 956793K [0x0000000080000000, 0x00000000ba680000, 0x00000000d5580000)
  object space 956928K, 99% used [0x0000000080000000,0x00000000ba65e618,0x00000000ba680000)
 Metaspace       used 95449K, committed 97152K, reserved 1179648K
  class space    used 9645K, committed 10496K, reserved 1048576K
}
Event: 8303.551 GC heap before
{Heap before GC invocations=2886 (full 10):
 PSYoungGen      total 7680K, used 7418K [0x00000000d5580000, 0x00000000d5e00000, 0x0000000100000000)
  eden space 6656K, 100% used [0x00000000d5580000,0x00000000d5c00000,0x00000000d5c00000)
  from space 1024K, 74% used [0x00000000d5d00000,0x00000000d5dbe900,0x00000000d5e00000)
  to   space 1024K, 0% used [0x00000000d5c00000,0x00000000d5c00000,0x00000000d5d00000)
 ParOldGen       total 956928K, used 956793K [0x0000000080000000, 0x00000000ba680000, 0x00000000d5580000)
  object space 956928K, 99% used [0x0000000080000000,0x00000000ba65e618,0x00000000ba680000)
 Metaspace       used 95450K, committed 97152K, reserved 1179648K
  class space    used 9645K, committed 10496K, reserved 1048576K
}
Event: 8303.554 GC heap after
{Heap after GC invocations=2886 (full 10):
 PSYoungGen      total 7680K, used 672K [0x00000000d5580000, 0x00000000d5e00000, 0x0000000100000000)
  eden space 6656K, 0% used [0x00000000d5580000,0x00000000d5580000,0x00000000d5c00000)
  from space 1024K, 65% used [0x00000000d5c00000,0x00000000d5ca8000,0x00000000d5d00000)
  to   space 1024K, 0% used [0x00000000d5d00000,0x00000000d5d00000,0x00000000d5e00000)
 ParOldGen       total 957440K, used 957417K [0x0000000080000000, 0x00000000ba700000, 0x00000000d5580000)
  object space 957440K, 99% used [0x0000000080000000,0x00000000ba6fa710,0x00000000ba700000)
 Metaspace       used 95450K, committed 97152K, reserved 1179648K
  class space    used 9645K, committed 10496K, reserved 1048576K
}

